<?xml version="1.0" encoding="UTF-8"?>
<!-- Generated by org.testng.reporters.JUnitXMLReporter -->
<testsuite ignored="0" hostname="DESKTOP-OSLRFP5" failures="0" tests="3" name="Default test" time="18.077" errors="0" timestamp="2024-02-19T16:11:01 IST">
  <testcase classname="com.ehm.qa.testcases.LoginPageTest" name="VerifyEhomeImageTest" time="0.587"/>
  <testcase classname="com.ehm.qa.testcases.LoginPageTest" name="VerifyEhomeLoginPageTest" time="0.841"/>
  <testcase classname="com.ehm.qa.testcases.LoginPageTest" name="VerifyLoginPageTitleTest" time="0.029"/>
</testsuite> <!-- Default test -->
