<?xml version="1.0" encoding="UTF-8"?>
<!-- Generated by org.testng.reporters.JUnitXMLReporter -->
<testsuite ignored="0" hostname="DESKTOP-OSLRFP5" failures="0" tests="24" name="Test" time="362.169" errors="0" timestamp="2024-01-06T17:40:47 IST">
  <testcase classname="com.ehm.qa.testcases.LoginPageTest" name="VerifyEhomeImageTest" time="0.053"/>
  <testcase classname="com.ehm.qa.testcases.LoginPageTest" name="VerifyEhomeLoginPageTest" time="1.429"/>
  <testcase classname="com.ehm.qa.testcases.LoginPageTest" name="VerifyLoginPageTitleTest" time="0.015"/>
  <testcase classname="com.ehm.qa.testcases.HomePageTest" name="VerifyEhomePageTitleTest" time="0.02"/>
  <testcase classname="com.ehm.qa.testcases.HomePageTest" name="VerifyHomepageDashboardTest" time="4.4"/>
  <testcase classname="com.ehm.qa.testcases.UserTypePageTest" name="VerifyAddUserTypePageTest" time="11.303"/>
  <testcase classname="com.ehm.qa.testcases.UserTypePageTest" name="VerifyAddUserTypePageTest" time="11.232"/>
  <testcase classname="com.ehm.qa.testcases.UserTypePageTest" name="VerifyAddUserTypePageTitle" time="0.01"/>
  <testcase classname="com.ehm.qa.testcases.CategoryPageTest" name="VerifyCategoryPageTest" time="9.206"/>
  <testcase classname="com.ehm.qa.testcases.CategoryPageTest" name="VerifyCategoryPageTitleTest" time="0.016"/>
  <testcase classname="com.ehm.qa.testcases.SubCategoryPageTest" name="VefirySubcategoryPageTitleTest" time="0.021"/>
  <testcase classname="com.ehm.qa.testcases.SubCategoryPageTest" name="VerifySubcategoryPageTest" time="12.592"/>
  <testcase classname="com.ehm.qa.testcases.LocationPageTest" name="VerifyLocationPageTest" time="9.152"/>
  <testcase classname="com.ehm.qa.testcases.LocationPageTest" name="VerifyLocationPageTitleTest" time="0.017"/>
  <testcase classname="com.ehm.qa.testcases.ConditionPageTest" name="VerifyConditionPageTest" time="9.005"/>
  <testcase classname="com.ehm.qa.testcases.ConditionPageTest" name="VerifyConditionPageTitleTest" time="0.032"/>
  <testcase classname="com.ehm.qa.testcases.InventoryStatusPageTest" name="VerifyInventoryStatusPageTest" time="9.241"/>
  <testcase classname="com.ehm.qa.testcases.InventoryStatusPageTest" name="VerifyInventoryStatusPageTitleTest" time="0.023"/>
  <testcase classname="com.ehm.qa.testcases.HolidaysPageTest" name="VerifyHolidaysPageTest" time="11.098"/>
  <testcase classname="com.ehm.qa.testcases.HolidaysPageTest" name="VerifyHolidaysPageTitleTest" time="0.034"/>
  <testcase classname="com.ehm.qa.testcases.ShiftsPageTest" name="VerifyShiftsPageTest" time="13.068"/>
  <testcase classname="com.ehm.qa.testcases.ShiftsPageTest" name="VerifyShiftsPageTitleTest" time="0.038"/>
  <testcase classname="com.ehm.qa.testcases.MRPFactorPageTest" name="VerifyInventoryStatusPageTest" time="9.788"/>
  <testcase classname="com.ehm.qa.testcases.MRPFactorPageTest" name="VerifyInventoryStatusPageTitleTest" time="0.047"/>
</testsuite> <!-- Test -->
