<?xml version="1.0" encoding="UTF-8"?>
<testng-results ignored="0" total="3" passed="3" failed="0" skipped="0">
  <reporter-output>
  </reporter-output>
  <suite started-at="2024-02-19T16:10:43 IST" name="Default suite" finished-at="2024-02-19T16:11:01 IST" duration-ms="18077">
    <groups>
    </groups>
    <test started-at="2024-02-19T16:10:43 IST" name="Default test" finished-at="2024-02-19T16:11:01 IST" duration-ms="18077">
      <class name="com.ehm.qa.testcases.LoginPageTest">
        <test-method is-config="true" signature="setup()[pri:0, instance:com.ehm.qa.testcases.LoginPageTest@47db5fa5]" started-at="2024-02-19T16:10:43 IST" name="setup" finished-at="2024-02-19T16:10:48 IST" duration-ms="5251" status="PASS">
          <reporter-output>
          </reporter-output>
        </test-method> <!-- setup -->
        <test-method signature="VerifyEhomeImageTest()[pri:0, instance:com.ehm.qa.testcases.LoginPageTest@47db5fa5]" started-at="2024-02-19T16:10:48 IST" name="VerifyEhomeImageTest" finished-at="2024-02-19T16:10:49 IST" duration-ms="587" status="PASS">
          <reporter-output>
          </reporter-output>
        </test-method> <!-- VerifyEhomeImageTest -->
        <test-method is-config="true" signature="setup()[pri:0, instance:com.ehm.qa.testcases.LoginPageTest@47db5fa5]" started-at="2024-02-19T16:10:49 IST" name="setup" finished-at="2024-02-19T16:10:54 IST" duration-ms="5167" status="PASS">
          <reporter-output>
          </reporter-output>
        </test-method> <!-- setup -->
        <test-method signature="VerifyEhomeLoginPageTest()[pri:0, instance:com.ehm.qa.testcases.LoginPageTest@47db5fa5]" started-at="2024-02-19T16:10:54 IST" name="VerifyEhomeLoginPageTest" finished-at="2024-02-19T16:10:55 IST" duration-ms="841" status="PASS">
          <reporter-output>
          </reporter-output>
        </test-method> <!-- VerifyEhomeLoginPageTest -->
        <test-method is-config="true" signature="setup()[pri:0, instance:com.ehm.qa.testcases.LoginPageTest@47db5fa5]" started-at="2024-02-19T16:10:55 IST" name="setup" finished-at="2024-02-19T16:11:01 IST" duration-ms="6151" status="PASS">
          <reporter-output>
          </reporter-output>
        </test-method> <!-- setup -->
        <test-method signature="VerifyLoginPageTitleTest()[pri:0, instance:com.ehm.qa.testcases.LoginPageTest@47db5fa5]" started-at="2024-02-19T16:11:01 IST" name="VerifyLoginPageTitleTest" finished-at="2024-02-19T16:11:01 IST" duration-ms="29" status="PASS">
          <reporter-output>
          </reporter-output>
        </test-method> <!-- VerifyLoginPageTitleTest -->
        <test-method is-config="true" signature="teardown()[pri:0, instance:com.ehm.qa.testcases.LoginPageTest@47db5fa5]" started-at="2024-02-19T16:11:01 IST" name="teardown" finished-at="2024-02-19T16:11:01 IST" duration-ms="0" status="PASS">
          <reporter-output>
          </reporter-output>
        </test-method> <!-- teardown -->
      </class> <!-- com.ehm.qa.testcases.LoginPageTest -->
    </test> <!-- Default test -->
  </suite> <!-- Default suite -->
</testng-results>
